[20260301T221005Z] start auto-weekly execute
[20260301T221005Z] primary_auth_failed status=401; trying backup credentials
[20260301T221005Z] backup_auth_ok status=200
[20260301T221005Z] auth_precheck_ok status=200 slot=backup
{
  "generated_at": "2026-03-01T22:10:11.534808+00:00",
  "inputs": {
    "gsc_csv": "weekly-output-auto-live-gsc/gsc_auto.csv",
    "ga_csv": "weekly-output-auto-live-gsc/ga_empty.csv"
  },
  "site": {
    "base_url": "https://newcastlehub.info",
    "weekly_limits": {
      "default": {
        "cooldown_hours": 24,
        "max_write_per_target": 3
      },
      "groups": {
        "homepage": {
          "cooldown_hours": 12,
          "max_write_per_target": 6
        },
        "core": {
          "cooldown_hours": 16,
          "max_write_per_target": 5
        },
        "service": {
          "cooldown_hours": 18,
          "max_write_per_target": 4
        },
        "other": {
          "cooldown_hours": 24,
          "max_write_per_target": 3
        }
      },
      "core_paths": [
        "/about/",
        "/services/",
        "/contact/",
        "/free-newcastle-business-audit/"
      ],
      "service_path_patterns": [
        ".*-solutions/?$",
        ".*-newcastle/?$",
        "^/services/.*"
      ]
    },
    "bootstrap_urls": [
      "https://newcastlehub.info/",
      "https://newcastlehub.info/services/",
      "https://newcastlehub.info/contact/",
      "https://newcastlehub.info/free-newcastle-business-audit/"
    ]
  },
  "bootstrap_used": false,
  "selected_pages": [
    {
      "url": "https://newcastlehub.info/home/",
      "score": 2,
      "reasons": [
        "rank_5_15"
      ],
      "impressions": 1.0,
      "clicks": 0.0,
      "ctr": 0.0,
      "position": 9.0,
      "bounce_rate": 0.0
    }
  ],
  "generated_tasks": [
    {
      "task_id": "e6118827-a6cf-4f61-9ea6-02d7597a6984",
      "task_type": "update_post_or_page",
      "target_url": "https://newcastlehub.info/home/",
      "reasons": [
        "rank_5_15"
      ]
    },
    {
      "task_id": "03f4ad29-8f23-4c83-a81f-d7fd50f62a34",
      "task_type": "inject_schema_faq",
      "target_url": "https://newcastlehub.info/home/",
      "reasons": [
        "rank_5_15"
      ]
    },
    {
      "task_id": "2eae6a73-36bf-4e18-87e4-5a72c52337cf",
      "task_type": "append_internal_links",
      "target_url": "https://newcastlehub.info/home/",
      "reasons": [
        "rank_5_15"
      ]
    },
    {
      "task_id": "698e276f-84b6-4ef0-8377-7bea0c965769",
      "task_type": "set_meta",
      "target_url": "https://newcastlehub.info/home/",
      "reasons": [
        "rank_5_15"
      ]
    }
  ],
  "tasks_dir": "weekly-output-auto-live-gsc/tasks",
  "execution_results": [
    {
      "task_id": "03f4ad29-8f23-4c83-a81f-d7fd50f62a34",
      "status": "ok",
      "mode": "execute",
      "results": [
        {
          "target": "https://newcastlehub.info:page:30",
          "status": "updated",
          "warnings": [],
          "diff_summary": "--- before\n+++ after\n@@ -1,7 +1,14 @@\n <!-- wp:html --><!-- AI_SLOT:INTRO -->\n <p><strong>Newcastle Hub</strong> builds fast, conversion-focused websites and measurable marketing for local businesses in Newcastle.</p>\n <!-- /AI_SLOT:INTRO -->\n-<!-- AI_SLOT:FAQ --><!-- /AI_SLOT:FAQ -->\n+<!-- AI_SLOT:FAQ -->\n+<style>.ai-faq-accordion details{margin:0 0 18px;border:1px solid #dfe5ee;border-radius:12px;background:#fff;overflow:hidden}.ai-faq-accordion summary{cursor:pointer;list-style:none;padding:16px 18px;font-weight:700;line-height:1.6}.ai-faq-accordion summary::-webkit-details-marker{display:none}.ai-faq-accordion details[open] summary{border-bottom:1px solid #e8edf5}.ai-faq-accordion p{margin:0;padding:16px 18px 18px;line-height:1.8;color:#334155}</style>\n+<div class=\"ai-faq-accordion\">\n+<details><summary><strong>What will I learn on this page?</strong></summary><p>You will get a concise overview, practical steps, and links to related guides.</p></details>\n+<details><summary><strong>Who is this content for?</strong></summary><p>Readers looking for a practical starting point and deeper follow-up resources.</p></details>\n+<details><summary><strong>What should I read next?</strong></summary><p>Use the related links section for the next best article in the topic cluster.</p></details>\n+</div>\n+<!-- /AI_SLOT:FAQ -->\n <!-- AI_SLOT:CTA --><!-- /AI_SLOT:CTA -->\n <!-- AI_SLOT:SCHEMA -->\n <script type=\"application/ld+json\">{\"@context\": \"https://schema.org\", \"@type\": \"WebSite\", \"name\": \"newcastlehub.info\", \"url\": \"https://newcastlehub.info/\"}</script>\n\n--- before\n+++ after\n@@ -11,7 +11,7 @@\n <!-- /AI_SLOT:FAQ -->\n <!-- AI_SLOT:CTA --><!-- /AI_SLOT:CTA -->\n <!-- AI_SLOT:SCHEMA -->\n-<script type=\"application/ld+json\">{\"@context\": \"https://schema.org\", \"@type\": \"WebSite\", \"name\": \"newcastlehub.info\", \"url\": \"https://newcastlehub.info/\"}</script>\n+<script type=\"application/ld+json\">{\"@context\": \"https://schema.org\", \"@type\": \"FAQPage\", \"mainEntity\": [{\"@type\": \"Question\", \"name\": \"What will I learn on this page?\", \"acceptedAnswer\": {\"@type\": \"Answer\", \"text\": \"You will get a concise overview, practical steps, and links to related guides.\"}}, {\"@type\": \"Question\", \"name\": \"Who is this content for?\", \"acceptedAnswer\": {\"@type\": \"Answer\", \"text\": \"Readers looking for a practical starting point and deeper follow-up resources.\"}}, {\"@type\": \"Question\", \"name\": \"What should I read next?\", \"acceptedAnswer\": {\"@type\": \"Answer\", \"text\": \"Use the related links section for the next best article in the topic cluster.\"}}]}</script>\n <!-- /AI_SLOT:SCHEMA -->\n \n ",
          "chars_delta": 1518,
          "changed_fields": [
            "content",
            "modified_gmt"
          ]
        }
      ],
      "errors": [],
      "duration_ms": 1217,
      "timestamp": "2026-03-01T22:10:10.015312+00:00",
      "task_file": "weekly-output-auto-live-gsc/tasks/03f4ad29-8f23-4c83-a81f-d7fd50f62a34.json"
    },
    {
      "task_id": "2eae6a73-36bf-4e18-87e4-5a72c52337cf",
      "status": "ok",
      "mode": "execute",
      "results": [
        {
          "target": "https://newcastlehub.info:page:30",
          "status": "skipped",
          "reason": "cooldown active (24h)"
        }
      ],
      "errors": [],
      "duration_ms": 131,
      "timestamp": "2026-03-01T22:10:11.233110+00:00",
      "task_file": "weekly-output-auto-live-gsc/tasks/2eae6a73-36bf-4e18-87e4-5a72c52337cf.json"
    },
    {
      "task_id": "698e276f-84b6-4ef0-8377-7bea0c965769",
      "status": "ok",
      "mode": "execute",
      "results": [
        {
          "target": "https://newcastlehub.info:page:30",
          "status": "skipped",
          "reason": "cooldown active (24h)"
        }
      ],
      "errors": [],
      "duration_ms": 63,
      "timestamp": "2026-03-01T22:10:11.364292+00:00",
      "task_file": "weekly-output-auto-live-gsc/tasks/698e276f-84b6-4ef0-8377-7bea0c965769.json"
    },
    {
      "task_id": "e6118827-a6cf-4f61-9ea6-02d7597a6984",
      "status": "ok",
      "mode": "execute",
      "results": [
        {
          "target": "https://newcastlehub.info:page:30",
          "status": "skipped",
          "reason": "cooldown active (24h)"
        }
      ],
      "errors": [],
      "duration_ms": 106,
      "timestamp": "2026-03-01T22:10:11.428214+00:00",
      "task_file": "weekly-output-auto-live-gsc/tasks/e6118827-a6cf-4f61-9ea6-02d7597a6984.json"
    }
  ],
  "telegram_sent": true
}
{
  "status": "ok",
  "source": "weekly-output-auto-live-gsc/weekly_report.json",
  "output": "weekly-output-auto-live-gsc/weekly_report.md",
  "chars": 889
}
{
  "status": "ok",
  "out": "STATUS.md"
}
[20260301T221005Z] done
