[20260315T221002Z] start auto-weekly execute
[20260315T221002Z] primary_auth_failed status=401; trying backup credentials
[20260315T221002Z] backup_auth_ok status=200
[20260315T221002Z] auth_precheck_ok status=200 slot=backup
{
  "generated_at": "2026-03-15T22:10:10.386091+00:00",
  "inputs": {
    "gsc_csv": "weekly-output-auto-live-gsc/gsc_auto.csv",
    "ga_csv": "weekly-output-auto-live-gsc/ga_empty.csv"
  },
  "site": {
    "base_url": "https://newcastlehub.info",
    "weekly_limits": {
      "default": {
        "cooldown_hours": 24,
        "max_write_per_target": 3
      },
      "groups": {
        "homepage": {
          "cooldown_hours": 12,
          "max_write_per_target": 6
        },
        "core": {
          "cooldown_hours": 16,
          "max_write_per_target": 5
        },
        "service": {
          "cooldown_hours": 18,
          "max_write_per_target": 4
        },
        "other": {
          "cooldown_hours": 24,
          "max_write_per_target": 3
        }
      },
      "core_paths": [
        "/about/",
        "/services/",
        "/contact/",
        "/free-newcastle-business-audit/"
      ],
      "service_path_patterns": [
        ".*-solutions/?$",
        ".*-newcastle/?$",
        "^/services/.*"
      ]
    },
    "bootstrap_urls": [
      "https://newcastlehub.info/",
      "https://newcastlehub.info/services/",
      "https://newcastlehub.info/contact/",
      "https://newcastlehub.info/free-newcastle-business-audit/"
    ]
  },
  "bootstrap_used": false,
  "selected_pages": [
    {
      "url": "https://newcastlehub.info/google-business-profile-for-restaurants-newcastle/",
      "score": 2,
      "reasons": [
        "rank_5_15"
      ],
      "impressions": 6.0,
      "clicks": 0.0,
      "ctr": 0.0,
      "position": 7.8,
      "bounce_rate": 0.0
    },
    {
      "url": "https://newcastlehub.info/beauty-salon-solutions/",
      "score": 2,
      "reasons": [
        "rank_5_15"
      ],
      "impressions": 4.0,
      "clicks": 0.0,
      "ctr": 0.0,
      "position": 5.5,
      "bounce_rate": 0.0
    }
  ],
  "generated_tasks": [
    {
      "task_id": "15f65a34-b65a-446f-ab4a-1b2c23e6607b",
      "task_type": "update_post_or_page",
      "target_url": "https://newcastlehub.info/google-business-profile-for-restaurants-newcastle/",
      "reasons": [
        "rank_5_15"
      ]
    },
    {
      "task_id": "e1fd225d-8b61-4d23-be40-15913fcb665a",
      "task_type": "inject_schema_faq",
      "target_url": "https://newcastlehub.info/google-business-profile-for-restaurants-newcastle/",
      "reasons": [
        "rank_5_15"
      ]
    },
    {
      "task_id": "e3c2b839-d5f8-4f43-932f-d53282272be6",
      "task_type": "append_internal_links",
      "target_url": "https://newcastlehub.info/google-business-profile-for-restaurants-newcastle/",
      "reasons": [
        "rank_5_15"
      ]
    },
    {
      "task_id": "1a8adf05-dcbf-4ef8-b0c5-fbc9b6f331ef",
      "task_type": "set_meta",
      "target_url": "https://newcastlehub.info/google-business-profile-for-restaurants-newcastle/",
      "reasons": [
        "rank_5_15"
      ]
    },
    {
      "task_id": "74232db0-3419-430e-ad7b-6ee9142dd402",
      "task_type": "update_post_or_page",
      "target_url": "https://newcastlehub.info/beauty-salon-solutions/",
      "reasons": [
        "rank_5_15"
      ]
    },
    {
      "task_id": "8a89e52a-5399-48db-8a2e-58eacbe4e358",
      "task_type": "inject_schema_faq",
      "target_url": "https://newcastlehub.info/beauty-salon-solutions/",
      "reasons": [
        "rank_5_15"
      ]
    },
    {
      "task_id": "8e084ed1-253d-455c-8b59-672a7f101cec",
      "task_type": "append_internal_links",
      "target_url": "https://newcastlehub.info/beauty-salon-solutions/",
      "reasons": [
        "rank_5_15"
      ]
    },
    {
      "task_id": "f1ad3d0a-98fc-42bb-895e-7a5deefe69ca",
      "task_type": "set_meta",
      "target_url": "https://newcastlehub.info/beauty-salon-solutions/",
      "reasons": [
        "rank_5_15"
      ]
    }
  ],
  "tasks_dir": "weekly-output-auto-live-gsc/tasks",
  "execution_results": [
    {
      "task_id": "15f65a34-b65a-446f-ab4a-1b2c23e6607b",
      "status": "ok",
      "mode": "execute",
      "results": [
        {
          "target": "https://newcastlehub.info:page:684",
          "status": "updated",
          "warnings": [],
          "diff_summary": "--- before\n+++ after\n@@ -1,4 +1,6 @@\n <!-- AI_SLOT:CTA --><!-- /AI_SLOT:CTA -->\n-<!-- wp:html --><section class=\"section\" id=\"gbp-restaurants\"><div class=\"section-content relative\"><div class=\"row\"><div class=\"col small-12 large-12\"><div class=\"col-inner\"><!-- AI_SLOT:INTRO --><h1>Google Business Profile Optimisation for Newcastle Restaurants</h1><p><strong>Your Google Business Profile is the first thing locals see when they search for restaurants near them.</strong> A complete, optimised profile drives more calls, more direction requests, and more dine-in and takeaway orders — without spending a dollar on ads.</p><!-- /AI_SLOT:INTRO --><!-- AI_SLOT:BODY --><h2>Why GBP Matters for Newcastle Restaurants</h2><ul><li><strong>Local pack visibility</strong> — appear in the top 3 map results for searches like \"restaurants near me\" or \"best cafe Newcastle\"</li><li><strong>Direct bookings and calls</strong> — customers can call, get directions, or visit your website straight from the listing</li><li><strong>Reviews build trust</strong> — a well-managed profile with recent reviews converts browsers into diners</li><li><strong>Free traffic</strong> — unlike paid ads, GBP visibility costs nothing beyond the effort of keeping it updated</li></ul><h2>What We Set Up and Optimise</h2><ul><li>Business name, category, and description optimised for local search</li><li>Trading hours (including special hours for public holidays)</li><li>Menu link and ordering link (connected to your Square Online page)</li><li>High-quality photos — exterior, interior, food, and team</li><li>Review response strategy and templates</li><li>Posts and updates schedule</li><li>Q&A section with pre-populated common questions</li></ul><h2>Included With Your Square Setup</h2><p>When you book our <a href=\"https://newcastlehub.info/newcastle-restaurant-square-setup/\">Newcastle Restaurant Square Setup</a>, we include basic GBP optimisation as part of the go-live process — ensuring your online ordering link and contact details are consistent across Google and Square.</p><p><a class=\"button primary\" href=\"https://newcastlehub.info/newcastle-restaurant-square-setup/\">View the Full Square Setup Package</a></p><!-- /AI_SLOT:BODY --><!-- AI_SLOT:SCHEMA -->\n+<!-- wp:html --><section class=\"section\" id=\"gbp-restaurants\"><div class=\"section-content relative\"><div class=\"row\"><div class=\"col small-12 large-12\"><div class=\"col-inner\"><!-- AI_SLOT:INTRO -->\n+<p>This section was refreshed by WordPress AI Ops to improve click-through and first-screen clarity. Signals: rank_5_15.</p>\n+<!-- /AI_SLOT:INTRO --><!-- AI_SLOT:BODY --><h2>Why GBP Matters for Newcastle Restaurants</h2><ul><li><strong>Local pack visibility</strong> — appear in the top 3 map results for searches like \"restaurants near me\" or \"best cafe Newcastle\"</li><li><strong>Direct bookings and calls</strong> — customers can call, get directions, or visit your website straight from the listing</li><li><strong>Reviews build trust</strong> — a well-managed profile with recent reviews converts browsers into diners</li><li><strong>Free traffic</strong> — unlike paid ads, GBP visibility costs nothing beyond the effort of keeping it updated</li></ul><h2>What We Set Up and Optimise</h2><ul><li>Business name, category, and description optimised for local search</li><li>Trading hours (including special hours for public holidays)</li><li>Menu link and ordering link (connected to your Square Online page)</li><li>High-quality photos — exterior, interior, food, and team</li><li>Review response strategy and templates</li><li>Posts and updates schedule</li><li>Q&A section with pre-populated common questions</li></ul><h2>Included With Your Square Setup</h2><p>When you book our <a href=\"https://newcastlehub.info/newcastle-restaurant-square-setup/\">Newcastle Restaurant Square Setup</a>, we include basic GBP optimisation as part of the go-live process — ensuring your online ordering link and contact details are consistent across Google and Square.</p><p><a class=\"button primary\" href=\"https://newcastlehub.info/newcastle-restaurant-square-setup/\">View the Full Square Setup Package</a></p><!-- /AI_SLOT:BODY --><!-- AI_SLOT:SCHEMA -->\n <script type=\"application/ld+json\">{\"@context\": \"https://schema.org\", \"@type\": \"WebSite\", \"name\": \"newcastlehub.info\", \"url\": \"https://newcastlehub.info/\"}</script>\n <!-- /AI_SLOT:SCHEMA --></div></div></div></div></div></section><!-- /wp:html -->",
          "chars_delta": -218,
          "changed_fields": [
            "content",
            "modified_gmt"
          ]
        }
      ],
      "errors": [],
      "duration_ms": 1220,
      "timestamp": "2026-03-15T22:10:07.686347+00:00",
      "task_file": "weekly-output-auto-live-gsc/tasks/15f65a34-b65a-446f-ab4a-1b2c23e6607b.json"
    },
    {
      "task_id": "1a8adf05-dcbf-4ef8-b0c5-fbc9b6f331ef",
      "status": "ok",
      "mode": "execute",
      "results": [
        {
          "target": "https://newcastlehub.info:page:684",
          "status": "skipped",
          "reason": "cooldown active (18h)"
        }
      ],
      "errors": [],
      "duration_ms": 64,
      "timestamp": "2026-03-15T22:10:08.907784+00:00",
      "task_file": "weekly-output-auto-live-gsc/tasks/1a8adf05-dcbf-4ef8-b0c5-fbc9b6f331ef.json"
    },
    {
      "task_id": "74232db0-3419-430e-ad7b-6ee9142dd402",
      "status": "ok",
      "mode": "execute",
      "results": [
        {
          "target": "https://newcastlehub.info:page:713",
          "status": "noop",
          "warnings": []
        }
      ],
      "errors": [],
      "duration_ms": 560,
      "timestamp": "2026-03-15T22:10:08.974682+00:00",
      "task_file": "weekly-output-auto-live-gsc/tasks/74232db0-3419-430e-ad7b-6ee9142dd402.json"
    },
    {
      "task_id": "8a89e52a-5399-48db-8a2e-58eacbe4e358",
      "status": "ok",
      "mode": "execute",
      "results": [
        {
          "target": "https://newcastlehub.info:page:713",
          "status": "updated",
          "warnings": [],
          "diff_summary": "--- before\n+++ after\n@@ -3,4 +3,11 @@\n <!-- /AI_SLOT:INTRO --><h2>Are you facing these issues?</h2><ul><li>Booking requests are scattered in DMs</li><li>No reminder workflow and high no-show risk</li><li>No structured client database</li></ul><h2>How we help</h2><ul><li>Booking system setup</li><li>SMS reminder flow</li><li>CRM setup for repeat clients</li><li>Google local SEO for salon search</li></ul><h2>Expected outcomes</h2><ul><li>Fewer no-shows</li><li>Higher rebooking rate</li><li>Better local visibility</li></ul><!-- AI_SLOT:CTA -->\n <p><a class=\"button primary is-large\" href=\"https://newcastlehub.info/booking-system-newcastle/\">I Provide Services — Build My Booking System</a> <a class=\"button secondary is-large\" href=\"https://newcastlehub.info/free-newcastle-business-audit/\">Get Free Business Audit</a></p><p>Service path: <a href=\"https://newcastlehub.info/booking-system-newcastle/\">Booking System</a> + <a href=\"https://newcastlehub.info/google-business-optimisation-newcastle/\">Google Growth</a> + <a href=\"https://newcastlehub.info/website-service/\">Website</a></p>\n <p>Related reads: <a href=\"https://newcastlehub.info/ecommerce-setup-newcastle/\">Ecommerce Setup Newcastle</a></p>\n-<!-- /AI_SLOT:CTA --><!-- AI_SLOT:SCHEMA --><script type=\"application/ld+json\">{\"@context\":\"https://schema.org\",\"@type\":\"Service\",\"name\":\"Beauty & Hair Salon Solutions\",\"provider\":{\"@type\":\"Organization\",\"name\":\"Newcastle Hub\"},\"areaServed\":\"Newcastle\"}</script><!-- /AI_SLOT:SCHEMA --></div></div></div></div></div></section><!-- /wp:html -->\\n\\n<section class=\"section\" id=\"ai-beauty-salon-solutions-faq\" style=\"padding-top:48px;padding-bottom:48px;background:#f6f8fb;\"><div class=\"section-content relative\"><div class=\"row\"><div class=\"col small-12 large-12\"><div class=\"col-inner\"><!-- AI_SLOT:FAQ --><h2>Beauty & Hair Salon FAQ</h2><style>.ai-faq-accordion details{margin:0 0 18px;border:1px solid #dfe5ee;border-radius:12px;background:#fff;overflow:hidden}.ai-faq-accordion summary{cursor:pointer;list-style:none;padding:16px 18px;font-weight:700;line-height:1.6}.ai-faq-accordion summary::-webkit-details-marker{display:none}.ai-faq-accordion details[open] summary{border-bottom:1px solid #e8edf5}.ai-faq-accordion p{margin:0;padding:16px 18px 18px;line-height:1.8;color:#334155}</style><div class=\"ai-faq-accordion\"><details><summary><strong>Can this reduce no-shows?</strong></summary><p>Yes. Booking flow cleanup with reminders and follow-up logic usually lowers no-show rates.</p></details><details><summary><strong>Do I need to replace my current tools?</strong></summary><p>Not always. We can often improve process and conversion around your existing tools first.</p></details><details><summary><strong>What should we prioritize first?</strong></summary><p>A clear booking funnel and profile optimisation, then retention and rebooking workflow.</p></details></div><!-- /AI_SLOT:FAQ --><!-- AI_SLOT:CTA --><p><a class=\"button primary is-large\" href=\"https://newcastlehub.info/free-newcastle-business-audit/\">Get Salon Growth Audit</a></p><p>Related: <a href=\"https://newcastlehub.info/services/\">Our Services</a> | <a href=\"https://newcastlehub.info/contact/\">Book a Strategy Call</a></p><!-- /AI_SLOT:CTA --><!-- AI_SLOT:SCHEMA --><script type=\"application/ld+json\">{\"@context\": \"https://schema.org\", \"@type\": \"FAQPage\", \"mainEntity\": [{\"@type\": \"Question\", \"name\": \"Can this reduce no-shows?\", \"acceptedAnswer\": {\"@type\": \"Answer\", \"text\": \"Yes. Booking flow cleanup with reminders and follow-up logic usually lowers no-show rates.\"}}, {\"@type\": \"Question\", \"name\": \"Do I need to replace my current tools?\", \"acceptedAnswer\": {\"@type\": \"Answer\", \"text\": \"Not always. We can often improve process and conversion around your existing tools first.\"}}, {\"@type\": \"Question\", \"name\": \"What should we prioritize first?\", \"acceptedAnswer\": {\"@type\": \"Answer\", \"text\": \"A clear booking funnel and profile optimisation, then retention and rebooking workflow.\"}}]}</script><!-- /AI_SLOT:SCHEMA --></div></div></div></div></section>\\n\n+<!-- /AI_SLOT:CTA --><!-- AI_SLOT:SCHEMA --><script type=\"application/ld+json\">{\"@context\":\"https://schema.org\",\"@type\":\"Service\",\"name\":\"Beauty & Hair Salon Solutions\",\"provider\":{\"@type\":\"Organization\",\"name\":\"Newcastle Hub\"},\"areaServed\":\"Newcastle\"}</script><!-- /AI_SLOT:SCHEMA --></div></div></div></div></div></section><!-- /wp:html -->\\n\\n<section class=\"section\" id=\"ai-beauty-salon-solutions-faq\" style=\"padding-top:48px;padding-bottom:48px;background:#f6f8fb;\"><div class=\"section-content relative\"><div class=\"row\"><div class=\"col small-12 large-12\"><div class=\"col-inner\"><!-- AI_SLOT:FAQ -->\n+<style>.ai-faq-accordion details{margin:0 0 18px;border:1px solid #dfe5ee;border-radius:12px;background:#fff;overflow:hidden}.ai-faq-accordion summary{cursor:pointer;list-style:none;padding:16px 18px;font-weight:700;line-height:1.6}.ai-faq-accordion summary::-webkit-details-marker{display:none}.ai-faq-accordion details[open] summary{border-bottom:1px solid #e8edf5}.ai-faq-accordion p{margin:0;padding:16px 18px 18px;line-height:1.8;color:#334155}</style>\n+<div class=\"ai-faq-accordion\">\n+<details><summary><strong>What will I learn on this page?</strong></summary><p>You will get a concise overview, practical steps, and links to related guides.</p></details>\n+<details><summary><strong>Who is this content for?</strong></summary><p>Readers looking for a practical starting point and deeper follow-up resources.</p></details>\n+<details><summary><strong>What should I read next?</strong></summary><p>Use the related links section for the next best article in the topic cluster.</p></details>\n+</div>\n+<!-- /AI_SLOT:FAQ --><!-- AI_SLOT:CTA --><p><a class=\"button primary is-large\" href=\"https://newcastlehub.info/free-newcastle-business-audit/\">Get Salon Growth Audit</a></p><p>Related: <a href=\"https://newcastlehub.info/services/\">Our Services</a> | <a href=\"https://newcastlehub.info/contact/\">Book a Strategy Call</a></p><!-- /AI_SLOT:CTA --><!-- AI_SLOT:SCHEMA --><script type=\"application/ld+json\">{\"@context\": \"https://schema.org\", \"@type\": \"FAQPage\", \"mainEntity\": [{\"@type\": \"Question\", \"name\": \"Can this reduce no-shows?\", \"acceptedAnswer\": {\"@type\": \"Answer\", \"text\": \"Yes. Booking flow cleanup with reminders and follow-up logic usually lowers no-show rates.\"}}, {\"@type\": \"Question\", \"name\": \"Do I need to replace my current tools?\", \"acceptedAnswer\": {\"@type\": \"Answer\", \"text\": \"Not always. We can often improve process and conversion around your existing tools first.\"}}, {\"@type\": \"Question\", \"name\": \"What should we prioritize first?\", \"acceptedAnswer\": {\"@type\": \"Answer\", \"text\": \"A clear booking funnel and profile optimisation, then retention and rebooking workflow.\"}}]}</script><!-- /AI_SLOT:SCHEMA --></div></div></div></div></section>\\n\n\n--- before\n+++ after\n@@ -3,7 +3,9 @@\n <!-- /AI_SLOT:INTRO --><h2>Are you facing these issues?</h2><ul><li>Booking requests are scattered in DMs</li><li>No reminder workflow and high no-show risk</li><li>No structured client database</li></ul><h2>How we help</h2><ul><li>Booking system setup</li><li>SMS reminder flow</li><li>CRM setup for repeat clients</li><li>Google local SEO for salon search</li></ul><h2>Expected outcomes</h2><ul><li>Fewer no-shows</li><li>Higher rebooking rate</li><li>Better local visibility</li></ul><!-- AI_SLOT:CTA -->\n <p><a class=\"button primary is-large\" href=\"https://newcastlehub.info/booking-system-newcastle/\">I Provide Services — Build My Booking System</a> <a class=\"button secondary is-large\" href=\"https://newcastlehub.info/free-newcastle-business-audit/\">Get Free Business Audit</a></p><p>Service path: <a href=\"https://newcastlehub.info/booking-system-newcastle/\">Booking System</a> + <a href=\"https://newcastlehub.info/google-business-optimisation-newcastle/\">Google Growth</a> + <a href=\"https://newcastlehub.info/website-service/\">Website</a></p>\n <p>Related reads: <a href=\"https://newcastlehub.info/ecommerce-setup-newcastle/\">Ecommerce Setup Newcastle</a></p>\n-<!-- /AI_SLOT:CTA --><!-- AI_SLOT:SCHEMA --><script type=\"application/ld+json\">{\"@context\":\"https://schema.org\",\"@type\":\"Service\",\"name\":\"Beauty & Hair Salon Solutions\",\"provider\":{\"@type\":\"Organization\",\"name\":\"Newcastle Hub\"},\"areaServed\":\"Newcastle\"}</script><!-- /AI_SLOT:SCHEMA --></div></div></div></div></div></section><!-- /wp:html -->\\n\\n<section class=\"section\" id=\"ai-beauty-salon-solutions-faq\" style=\"padding-top:48px;padding-bottom:48px;background:#f6f8fb;\"><div class=\"section-content relative\"><div class=\"row\"><div class=\"col small-12 large-12\"><div class=\"col-inner\"><!-- AI_SLOT:FAQ -->\n+<!-- /AI_SLOT:CTA --><!-- AI_SLOT:SCHEMA -->\n+<script type=\"application/ld+json\">{\"@context\": \"https://schema.org\", \"@type\": \"FAQPage\", \"mainEntity\": [{\"@type\": \"Question\", \"name\": \"What will I learn on this page?\", \"acceptedAnswer\": {\"@type\": \"Answer\", \"text\": \"You will get a concise overview, practical steps, and links to related guides.\"}}, {\"@type\": \"Question\", \"name\": \"Who is this content for?\", \"acceptedAnswer\": {\"@type\": \"Answer\", \"text\": \"Readers looking for a practical starting point and deeper follow-up resources.\"}}, {\"@type\": \"Question\", \"name\": \"What should I read next?\", \"acceptedAnswer\": {\"@type\": \"Answer\", \"text\": \"Use the related links section for the next best article in the topic cluster.\"}}]}</script>\n+<!-- /AI_SLOT:SCHEMA --></div></div></div></div></div></section><!-- /wp:html -->\\n\\n<section class=\"section\" id=\"ai-beauty-salon-solutions-faq\" style=\"padding-top:48px;padding-bottom:48px;background:#f6f8fb;\"><div class=\"section-content relative\"><div class=\"row\"><div class=\"col small-12 large-12\"><div class=\"col-inner\"><!-- AI_SLOT:FAQ -->\n <style>.ai-faq-accordion details{margin:0 0 18px;border:1px solid #dfe5ee;border-radius:12px;background:#fff;overflow:hidden}.ai-faq-accordion summary{cursor:pointer;list-style:none;padding:16px 18px;font-weight:700;line-height:1.6}.ai-faq-accordion summary::-webkit-details-marker{display:none}.ai-faq-accordion details[open] summary{border-bottom:1px solid #e8edf5}.ai-faq-accordion p{margin:0;padding:16px 18px 18px;line-height:1.8;color:#334155}</style>\n <div class=\"ai-faq-accordion\">\n <details><summary><strong>What will I learn on this page?</strong></summary><p>You will get a concise overview, practical steps, and links to related guides.</p></details>",
          "chars_delta": 394,
          "changed_fields": [
            "content",
            "modified_gmt"
          ]
        }
      ],
      "errors": [],
      "duration_ms": 573,
      "timestamp": "2026-03-15T22:10:09.534585+00:00",
      "task_file": "weekly-output-auto-live-gsc/tasks/8a89e52a-5399-48db-8a2e-58eacbe4e358.json"
    },
    {
      "task_id": "8e084ed1-253d-455c-8b59-672a7f101cec",
      "status": "ok",
      "mode": "execute",
      "results": [
        {
          "target": "https://newcastlehub.info:page:713",
          "status": "skipped",
          "reason": "cooldown active (18h)"
        }
      ],
      "errors": [],
      "duration_ms": 72,
      "timestamp": "2026-03-15T22:10:10.108888+00:00",
      "task_file": "weekly-output-auto-live-gsc/tasks/8e084ed1-253d-455c-8b59-672a7f101cec.json"
    },
    {
      "task_id": "e1fd225d-8b61-4d23-be40-15913fcb665a",
      "status": "ok",
      "mode": "execute",
      "results": [
        {
          "target": "https://newcastlehub.info:page:684",
          "status": "skipped",
          "reason": "cooldown active (18h)"
        }
      ],
      "errors": [],
      "duration_ms": 79,
      "timestamp": "2026-03-15T22:10:10.182590+00:00",
      "task_file": "weekly-output-auto-live-gsc/tasks/e1fd225d-8b61-4d23-be40-15913fcb665a.json"
    },
    {
      "task_id": "e3c2b839-d5f8-4f43-932f-d53282272be6",
      "status": "ok",
      "mode": "execute",
      "results": [
        {
          "target": "https://newcastlehub.info:page:684",
          "status": "skipped",
          "reason": "cooldown active (18h)"
        }
      ],
      "errors": [],
      "duration_ms": 64,
      "timestamp": "2026-03-15T22:10:10.262134+00:00",
      "task_file": "weekly-output-auto-live-gsc/tasks/e3c2b839-d5f8-4f43-932f-d53282272be6.json"
    },
    {
      "task_id": "f1ad3d0a-98fc-42bb-895e-7a5deefe69ca",
      "status": "ok",
      "mode": "execute",
      "results": [
        {
          "target": "https://newcastlehub.info:page:713",
          "status": "skipped",
          "reason": "cooldown active (18h)"
        }
      ],
      "errors": [],
      "duration_ms": 58,
      "timestamp": "2026-03-15T22:10:10.327220+00:00",
      "task_file": "weekly-output-auto-live-gsc/tasks/f1ad3d0a-98fc-42bb-895e-7a5deefe69ca.json"
    }
  ],
  "telegram_sent": true
}
{
  "status": "ok",
  "source": "weekly-output-auto-live-gsc/weekly_report.json",
  "output": "weekly-output-auto-live-gsc/weekly_report.md",
  "chars": 1087
}
{
  "status": "ok",
  "out": "STATUS.md"
}
[20260315T221002Z] done
